Running pre-build script: /Users/chenlingchao/PycharmProjects/information/starts/starts-plugin/target/it/multilevel-no-parents-or-siblings-it/setup.groovy
Finished pre-build script: /Users/chenlingchao/PycharmProjects/information/starts/starts-plugin/target/it/multilevel-no-parents-or-siblings-it/setup.groovy
[INFO] Scanning for projects...
[INFO]                                                                         
[INFO] ------------------------------------------------------------------------
[INFO] Building multilevel-no-parents-or-siblings-it 1.0-SNAPSHOT
[INFO] ------------------------------------------------------------------------
[INFO] 
[INFO] >>> starts-maven-plugin:1.4-SNAPSHOT:starts (touch) > [starts]test @ multilevel-no-parents-or-siblings-it >>>
[INFO] 
[INFO] --- maven-resources-plugin:2.6:resources (default-resources) @ multilevel-no-parents-or-siblings-it ---
[INFO] Using 'UTF-8' encoding to copy filtered resources.
[INFO] skip non existing resourceDirectory /Users/chenlingchao/PycharmProjects/information/starts/starts-plugin/target/it/multilevel-no-parents-or-siblings-it/src/main/resources
[INFO] 
[INFO] --- maven-compiler-plugin:3.1:compile (default-compile) @ multilevel-no-parents-or-siblings-it ---
[INFO] Changes detected - recompiling the module!
[INFO] Compiling 4 source files to /Users/chenlingchao/PycharmProjects/information/starts/starts-plugin/target/it/multilevel-no-parents-or-siblings-it/target/classes
[WARNING] /Users/chenlingchao/PycharmProjects/information/starts/starts-plugin/target/it/multilevel-no-parents-or-siblings-it/src/main/java/inter/Base.java: Some input files use unchecked or unsafe operations.
[WARNING] /Users/chenlingchao/PycharmProjects/information/starts/starts-plugin/target/it/multilevel-no-parents-or-siblings-it/src/main/java/inter/Base.java: Recompile with -Xlint:unchecked for details.
[INFO] 
[INFO] --- maven-resources-plugin:2.6:testResources (default-testResources) @ multilevel-no-parents-or-siblings-it ---
[INFO] Using 'UTF-8' encoding to copy filtered resources.
[INFO] skip non existing resourceDirectory /Users/chenlingchao/PycharmProjects/information/starts/starts-plugin/target/it/multilevel-no-parents-or-siblings-it/src/test/resources
[INFO] 
[INFO] --- maven-compiler-plugin:3.1:testCompile (default-testCompile) @ multilevel-no-parents-or-siblings-it ---
[INFO] Changes detected - recompiling the module!
[INFO] Compiling 4 source files to /Users/chenlingchao/PycharmProjects/information/starts/starts-plugin/target/it/multilevel-no-parents-or-siblings-it/target/test-classes
[INFO] 
[INFO] >>> starts-maven-plugin:1.4-SNAPSHOT:run (touch) > test-compile @ multilevel-no-parents-or-siblings-it >>>
[INFO] 
[INFO] --- maven-resources-plugin:2.6:resources (default-resources) @ multilevel-no-parents-or-siblings-it ---
[INFO] Using 'UTF-8' encoding to copy filtered resources.
[INFO] skip non existing resourceDirectory /Users/chenlingchao/PycharmProjects/information/starts/starts-plugin/target/it/multilevel-no-parents-or-siblings-it/src/main/resources
[INFO] 
[INFO] --- maven-compiler-plugin:3.1:compile (default-compile) @ multilevel-no-parents-or-siblings-it ---
[INFO] Nothing to compile - all classes are up to date
[INFO] 
[INFO] --- maven-resources-plugin:2.6:testResources (default-testResources) @ multilevel-no-parents-or-siblings-it ---
[INFO] Using 'UTF-8' encoding to copy filtered resources.
[INFO] skip non existing resourceDirectory /Users/chenlingchao/PycharmProjects/information/starts/starts-plugin/target/it/multilevel-no-parents-or-siblings-it/src/test/resources
[INFO] 
[INFO] --- maven-compiler-plugin:3.1:testCompile (default-testCompile) @ multilevel-no-parents-or-siblings-it ---
[INFO] Nothing to compile - all classes are up to date
[INFO] 
[INFO] <<< starts-maven-plugin:1.4-SNAPSHOT:run (touch) < test-compile @ multilevel-no-parents-or-siblings-it <<<
[INFO] 
[INFO] --- starts-maven-plugin:1.4-SNAPSHOT:run (touch) @ multilevel-no-parents-or-siblings-it ---
objc[5112]: Class JavaLaunchHelper is implemented in both /Library/Java/JavaVirtualMachines/jdk1.8.0_131.jdk/Contents/Home/bin/java (0x10c9664c0) and /Library/Java/JavaVirtualMachines/jdk1.8.0_131.jdk/Contents/Home/jre/lib/libinstrument.dylib (0x11454a4e0). One of the two will be used. Which one is undefined.
1111111111111INFO: ALL(count): 8
INFO: UNREACHED(count): 0
INFO: STARTS:Nodes: 458
INFO: STARTS:Edges: 2937
INFO: STARTS:AffectedTests: 4
INFO: STARTS:TotalTests: 4
[INFO] 
[INFO] --- maven-surefire-plugin:2.19.1:test (default-test) @ multilevel-no-parents-or-siblings-it ---

-------------------------------------------------------
 T E S T S
-------------------------------------------------------
Running inter.ChildTest
Tests run: 1, Failures: 0, Errors: 0, Skipped: 0, Time elapsed: 0.12 sec - in inter.ChildTest
Running inter.SiblingTest
Tests run: 1, Failures: 0, Errors: 0, Skipped: 0, Time elapsed: 0 sec - in inter.SiblingTest
Running inter.BaseTest
Tests run: 1, Failures: 0, Errors: 0, Skipped: 0, Time elapsed: 0 sec - in inter.BaseTest
Running inter.GrandChildTest
Tests run: 1, Failures: 0, Errors: 0, Skipped: 0, Time elapsed: 0 sec - in inter.GrandChildTest

Results :

Tests run: 4, Failures: 0, Errors: 0, Skipped: 0

[INFO] 
[INFO] <<< starts-maven-plugin:1.4-SNAPSHOT:starts (touch) < [starts]test @ multilevel-no-parents-or-siblings-it <<<
[INFO] 
[INFO] --- starts-maven-plugin:1.4-SNAPSHOT:starts (touch) @ multilevel-no-parents-or-siblings-it ---
[INFO] 
[INFO] --- maven-resources-plugin:2.6:resources (default-resources) @ multilevel-no-parents-or-siblings-it ---
[INFO] Using 'UTF-8' encoding to copy filtered resources.
[INFO] skip non existing resourceDirectory /Users/chenlingchao/PycharmProjects/information/starts/starts-plugin/target/it/multilevel-no-parents-or-siblings-it/src/main/resources
[INFO] 
[INFO] --- maven-compiler-plugin:3.1:compile (default-compile) @ multilevel-no-parents-or-siblings-it ---
[INFO] Nothing to compile - all classes are up to date
[INFO] 
[INFO] --- maven-resources-plugin:2.6:testResources (default-testResources) @ multilevel-no-parents-or-siblings-it ---
[INFO] Using 'UTF-8' encoding to copy filtered resources.
[INFO] skip non existing resourceDirectory /Users/chenlingchao/PycharmProjects/information/starts/starts-plugin/target/it/multilevel-no-parents-or-siblings-it/src/test/resources
[INFO] 
[INFO] --- maven-compiler-plugin:3.1:testCompile (default-testCompile) @ multilevel-no-parents-or-siblings-it ---
[INFO] Nothing to compile - all classes are up to date
[INFO] 
[INFO] --- maven-surefire-plugin:2.19.1:test (default-test) @ multilevel-no-parents-or-siblings-it ---
[INFO] Skipping execution of surefire because it has already been run for this configuration
[INFO] 
[INFO] --- maven-jar-plugin:2.4:jar (default-jar) @ multilevel-no-parents-or-siblings-it ---
[INFO] Building jar: /Users/chenlingchao/PycharmProjects/information/starts/starts-plugin/target/it/multilevel-no-parents-or-siblings-it/target/multilevel-no-parents-or-siblings-it-1.0-SNAPSHOT.jar
[INFO] ------------------------------------------------------------------------
[INFO] BUILD SUCCESS
[INFO] ------------------------------------------------------------------------
[INFO] Total time: 21.864 s
[INFO] Finished at: 2018-03-20T11:29:36-05:00
[INFO] Final Memory: 21M/307M
[INFO] ------------------------------------------------------------------------
Running post-build script: /Users/chenlingchao/PycharmProjects/information/starts/starts-plugin/target/it/multilevel-no-parents-or-siblings-it/verify.groovy
Finished post-build script: /Users/chenlingchao/PycharmProjects/information/starts/starts-plugin/target/it/multilevel-no-parents-or-siblings-it/verify.groovy
