Running pre-build script: /Users/chenlingchao/PycharmProjects/information/starts/starts-plugin/target/it/transitive-it/setup.groovy
Finished pre-build script: /Users/chenlingchao/PycharmProjects/information/starts/starts-plugin/target/it/transitive-it/setup.groovy
[INFO] Scanning for projects...
[INFO]                                                                         
[INFO] ------------------------------------------------------------------------
[INFO] Building transitive-it 1.0-SNAPSHOT
[INFO] ------------------------------------------------------------------------
[INFO] 
[INFO] >>> starts-maven-plugin:1.4-SNAPSHOT:starts (touch) > [starts]test @ transitive-it >>>
[INFO] 
[INFO] --- maven-resources-plugin:2.6:resources (default-resources) @ transitive-it ---
[INFO] Using 'UTF-8' encoding to copy filtered resources.
[INFO] skip non existing resourceDirectory /Users/chenlingchao/PycharmProjects/information/starts/starts-plugin/target/it/transitive-it/src/main/resources
[INFO] 
[INFO] --- maven-compiler-plugin:3.1:compile (default-compile) @ transitive-it ---
[INFO] Changes detected - recompiling the module!
[INFO] Compiling 4 source files to /Users/chenlingchao/PycharmProjects/information/starts/starts-plugin/target/it/transitive-it/target/classes
[WARNING] /Users/chenlingchao/PycharmProjects/information/starts/starts-plugin/target/it/transitive-it/src/main/java/transitive/Base.java: /Users/chenlingchao/PycharmProjects/information/starts/starts-plugin/target/it/transitive-it/src/main/java/transitive/Base.java uses unchecked or unsafe operations.
[WARNING] /Users/chenlingchao/PycharmProjects/information/starts/starts-plugin/target/it/transitive-it/src/main/java/transitive/Base.java: Recompile with -Xlint:unchecked for details.
[INFO] 
[INFO] --- maven-resources-plugin:2.6:testResources (default-testResources) @ transitive-it ---
[INFO] Using 'UTF-8' encoding to copy filtered resources.
[INFO] skip non existing resourceDirectory /Users/chenlingchao/PycharmProjects/information/starts/starts-plugin/target/it/transitive-it/src/test/resources
[INFO] 
[INFO] --- maven-compiler-plugin:3.1:testCompile (default-testCompile) @ transitive-it ---
[INFO] Changes detected - recompiling the module!
[INFO] Compiling 4 source files to /Users/chenlingchao/PycharmProjects/information/starts/starts-plugin/target/it/transitive-it/target/test-classes
[WARNING] /Users/chenlingchao/PycharmProjects/information/starts/starts-plugin/target/it/transitive-it/src/test/java/transitive/BaseTest.java: Some input files use unchecked or unsafe operations.
[WARNING] /Users/chenlingchao/PycharmProjects/information/starts/starts-plugin/target/it/transitive-it/src/test/java/transitive/BaseTest.java: Recompile with -Xlint:unchecked for details.
[INFO] 
[INFO] >>> starts-maven-plugin:1.4-SNAPSHOT:run (touch) > test-compile @ transitive-it >>>
[INFO] 
[INFO] --- maven-resources-plugin:2.6:resources (default-resources) @ transitive-it ---
[INFO] Using 'UTF-8' encoding to copy filtered resources.
[INFO] skip non existing resourceDirectory /Users/chenlingchao/PycharmProjects/information/starts/starts-plugin/target/it/transitive-it/src/main/resources
[INFO] 
[INFO] --- maven-compiler-plugin:3.1:compile (default-compile) @ transitive-it ---
[INFO] Nothing to compile - all classes are up to date
[INFO] 
[INFO] --- maven-resources-plugin:2.6:testResources (default-testResources) @ transitive-it ---
[INFO] Using 'UTF-8' encoding to copy filtered resources.
[INFO] skip non existing resourceDirectory /Users/chenlingchao/PycharmProjects/information/starts/starts-plugin/target/it/transitive-it/src/test/resources
[INFO] 
[INFO] --- maven-compiler-plugin:3.1:testCompile (default-testCompile) @ transitive-it ---
[INFO] Nothing to compile - all classes are up to date
[INFO] 
[INFO] <<< starts-maven-plugin:1.4-SNAPSHOT:run (touch) < test-compile @ transitive-it <<<
[INFO] 
[INFO] --- starts-maven-plugin:1.4-SNAPSHOT:run (touch) @ transitive-it ---
objc[5129]: Class JavaLaunchHelper is implemented in both /Library/Java/JavaVirtualMachines/jdk1.8.0_131.jdk/Contents/Home/bin/java (0x10beb04c0) and /Library/Java/JavaVirtualMachines/jdk1.8.0_131.jdk/Contents/Home/jre/lib/libinstrument.dylib (0x12ad9d4e0). One of the two will be used. Which one is undefined.
1111111111111INFO: ALL(count): 8
INFO: UNREACHED(count): 0
INFO: STARTS:Nodes: 458
INFO: STARTS:Edges: 2934
INFO: STARTS:AffectedTests: 4
INFO: STARTS:TotalTests: 4
[INFO] 
[INFO] --- maven-surefire-plugin:2.19.1:test (default-test) @ transitive-it ---

-------------------------------------------------------
 T E S T S
-------------------------------------------------------
Running transitive.ChildTest
Tests run: 1, Failures: 0, Errors: 0, Skipped: 0, Time elapsed: 0.063 sec - in transitive.ChildTest
Running transitive.SiblingTest
Tests run: 1, Failures: 0, Errors: 0, Skipped: 0, Time elapsed: 0 sec - in transitive.SiblingTest
Running transitive.BaseTest
Tests run: 1, Failures: 0, Errors: 0, Skipped: 0, Time elapsed: 0 sec - in transitive.BaseTest
Running transitive.GrandChildTest
Tests run: 1, Failures: 0, Errors: 0, Skipped: 0, Time elapsed: 0 sec - in transitive.GrandChildTest

Results :

Tests run: 4, Failures: 0, Errors: 0, Skipped: 0

[INFO] 
[INFO] <<< starts-maven-plugin:1.4-SNAPSHOT:starts (touch) < [starts]test @ transitive-it <<<
[INFO] 
[INFO] --- starts-maven-plugin:1.4-SNAPSHOT:starts (touch) @ transitive-it ---
[INFO] 
[INFO] --- maven-resources-plugin:2.6:resources (default-resources) @ transitive-it ---
[INFO] Using 'UTF-8' encoding to copy filtered resources.
[INFO] skip non existing resourceDirectory /Users/chenlingchao/PycharmProjects/information/starts/starts-plugin/target/it/transitive-it/src/main/resources
[INFO] 
[INFO] --- maven-compiler-plugin:3.1:compile (default-compile) @ transitive-it ---
[INFO] Nothing to compile - all classes are up to date
[INFO] 
[INFO] --- maven-resources-plugin:2.6:testResources (default-testResources) @ transitive-it ---
[INFO] Using 'UTF-8' encoding to copy filtered resources.
[INFO] skip non existing resourceDirectory /Users/chenlingchao/PycharmProjects/information/starts/starts-plugin/target/it/transitive-it/src/test/resources
[INFO] 
[INFO] --- maven-compiler-plugin:3.1:testCompile (default-testCompile) @ transitive-it ---
[INFO] Nothing to compile - all classes are up to date
[INFO] 
[INFO] --- maven-surefire-plugin:2.19.1:test (default-test) @ transitive-it ---
[INFO] Skipping execution of surefire because it has already been run for this configuration
[INFO] 
[INFO] --- maven-jar-plugin:2.4:jar (default-jar) @ transitive-it ---
[INFO] Building jar: /Users/chenlingchao/PycharmProjects/information/starts/starts-plugin/target/it/transitive-it/target/transitive-it-1.0-SNAPSHOT.jar
[INFO] ------------------------------------------------------------------------
[INFO] BUILD SUCCESS
[INFO] ------------------------------------------------------------------------
[INFO] Total time: 21.531 s
[INFO] Finished at: 2018-03-20T11:30:01-05:00
[INFO] Final Memory: 24M/389M
[INFO] ------------------------------------------------------------------------
Running post-build script: /Users/chenlingchao/PycharmProjects/information/starts/starts-plugin/target/it/transitive-it/verify.groovy
Finished post-build script: /Users/chenlingchao/PycharmProjects/information/starts/starts-plugin/target/it/transitive-it/verify.groovy
